-0.492402   -0.257144   -0.120265
-0.326614   -0.0892982   -0.136341
0.486294   -0.0756562   0.0593561
-0.341044   -0.238516   0.0572862
-0.174594   -0.255039   -0.122681
0.0016229   -0.092235   -0.112614
-0.165168   -0.0921697   0.027203
-0.00647945   -0.262393   0.0281246
0.153773   -0.24997   -0.132669
0.328313   -0.0941298   -0.102861
0.140896   -0.097509   0.0500191
0.342561   -0.256001   0.0459297
0.499097   0.0769665   -0.119618
-0.359877   0.251002   -0.116638
0.480407   0.252591   0.0337575
-0.349352   0.0764307   0.0482638
-0.176835   0.0863546   -0.12462
0.00556218   0.2411   -0.115116
-0.187319   0.234611   0.0424591
0.00679723   0.0791732   0.0666245
0.165031   0.0640648   -0.11501
0.332111   0.239289   -0.129004
0.174139   0.234807   0.0297283
0.327114   0.0780899   0.0649551
0.482203   0.410653   -0.127266
-0.327692   -0.413669   -0.126575
0.494365   -0.421458   0.0460116
-0.348289   0.413428   0.0463694
-0.179509   0.418935   -0.125775
-0.0427253   -0.429816   -0.122954
-0.171106   -0.42215   0.0571717
-0.0111548   0.404732   0.0375732
0.172062   0.4027   -0.123519
0.31298   -0.394057   -0.120883
0.153909   -0.405355   0.0315135
0.326641   0.426747   0.0287372
0.497045   -0.252931   0.229669
-0.32477   -0.0830644   0.215951
-0.486949   -0.0936472   0.386429
-0.331157   -0.258752   0.375358
-0.164623   -0.242005   0.186925
-0.00870991   -0.0817462   0.220483
-0.166663   -0.10025   0.362004
-0.013029   -0.255191   0.359281
0.156456   -0.246613   0.199887
0.31408   -0.0907523   0.206131
0.165972   -0.07805   0.397031
0.324993   -0.240056   0.362832
0.497865   0.0795738   0.208373
-0.356663   0.239923   0.207832
0.477606   0.238611   0.378048
-0.32774   0.113564   0.394977
-0.184527   0.0933097   0.20908
-0.00863319   0.240455   0.210538
-0.183158   0.258876   0.366793
-0.0238327   0.0810586   0.385249
0.166935   0.0827078   0.226026
0.321165   0.253811   0.213986
0.147332   0.240865   0.366607
0.347047   0.0676933   0.387863
0.47614   0.413182   0.212008
-0.322444   -0.422352   0.200994
-0.49353   -0.414552   0.359114
-0.362645   0.410228   0.373804
-0.182171   0.410605   0.202668
0.015518   -0.427506   0.192727
-0.15814   -0.447046   0.359956
-0.0102768   0.414815   0.377346
0.165027   0.385196   0.191485
0.326774   -0.408793   0.215297
0.174969   -0.419917   0.381985
0.322271   0.406091   0.388255
0.470498   -0.261705   -0.448297
-0.340435   -0.104792   -0.440794
0.48773   -0.0911617   -0.272116
-0.322678   -0.253901   -0.293995
-0.173835   -0.242682   -0.472477
0.000280706   -0.0736489   -0.457342
-0.171781   -0.084401   -0.296434
-0.00524029   -0.27053   -0.298056
0.151945   -0.250226   -0.452744
0.343659   -0.0694655   -0.457917
0.139146   -0.080007   -0.278541
0.326157   -0.242392   -0.286205
-0.495884   0.0755024   -0.450407
-0.330614   0.259182   -0.455609
-0.493162   0.25893   -0.310009
-0.333636   0.0710288   -0.278299
-0.188987   0.0740282   -0.449788
-0.00455152   0.249205   -0.466804
-0.169172   0.255196   -0.275144
-0.0146647   0.0853729   -0.286215
0.151075   0.0938932   -0.464974
0.327763   0.239382   -0.458495
0.174053   0.244265   -0.291464
0.339471   0.0827508   -0.290161
0.488416   0.435568   -0.461354
-0.326242   -0.430144   -0.47098
-0.487829   -0.405008   -0.284387
-0.345446   0.420245   -0.292898
-0.165447   0.408467   -0.44288
-0.00261447   -0.41798   -0.463501
-0.178779   -0.417415   -0.30806
-0.0210285   0.400128   -0.27002
0.136453   0.409137   -0.434406
0.32196   -0.41934   -0.449746
0.151344   -0.416306   -0.290047
0.31843   0.405977   -0.294723
