-0.483728   0.474911   -0.495094
-0.354107   -0.312178   0.487642
0.495653   -0.316284   -0.346346
-0.30883   -0.48735   -0.337486
-0.158228   -0.488617   -0.488803
0.0274341   -0.344317   0.474635
-0.140959   -0.329852   -0.332144
0.00180032   0.497357   -0.332913
0.166993   0.491287   0.493987
0.326569   -0.326031   0.496535
0.150102   -0.345575   -0.342565
0.318511   -0.48831   -0.34163
0.497185   -0.149217   -0.482209
-0.33117   -0.00716778   -0.497848
0.481701   0.011766   -0.312913
-0.339306   -0.146102   -0.332033
-0.147768   -0.164179   0.482722
-0.00135533   0.025187   -0.497643
-0.167293   -0.00304933   -0.349152
-0.00485403   -0.149778   -0.336039
0.175048   -0.156284   -0.499537
0.334206   -0.018798   -0.493271
0.166725   -0.013545   -0.318717
0.320014   -0.167231   -0.33804
-0.492185   0.146049   -0.49524
-0.351649   0.319854   0.499493
-0.490422   0.355301   -0.328258
-0.337465   0.170173   -0.346223
-0.165755   0.189653   0.49369
0.00892115   0.321949   0.495666
-0.161576   0.328897   -0.3233
-0.00630587   0.175475   -0.337929
0.182593   0.166644   0.497264
0.341   0.324801   -0.497327
0.166535   0.348647   -0.325309
0.325644   0.179612   -0.315153
0.4838   -0.468464   -0.157961
-0.315869   -0.337502   -0.16526
-0.49933   -0.310187   0.0130648
-0.335339   -0.498457   -0.00861616
-0.155713   0.481227   -0.144132
-0.0219664   -0.327152   -0.155476
-0.169334   -0.346593   0.00169096
0.00130038   0.484135   0.0107874
0.149093   -0.482344   -0.164042
0.324202   -0.333678   -0.16518
0.17063   -0.334222   0.00155919
0.320792   -0.498939   -0.00434836
-0.498972   -0.170463   -0.163347
-0.338533   0.00452218   -0.161462
-0.495615   0.00791786   0.00373045
-0.314814   -0.178831   -0.00681483
-0.166699   -0.151706   -0.186084
0.00156287   0.0148001   -0.157541
-0.172417   -0.0121121   0.00471661
-0.012689   -0.176301   0.00472907
0.145697   -0.172618   -0.173301
0.33603   -0.0204088   -0.158804
0.157167   0.00859905   -0.0139449
0.332713   -0.169779   0.00232683
-0.493419   0.181058   -0.188531
-0.314744   0.323979   -0.172972
-0.492896   0.331044   -0.015416
-0.32519   0.17379   -0.00206963
-0.165437   0.156937   -0.167146
-0.0121884   0.320914   -0.164281
-0.164396   0.311729   0.0117117
-0.0139619   0.14688   0.0107118
0.159704   0.165315   -0.190201
0.33761   0.339556   -0.168507
0.164295   0.323278   0.00600253
0.335267   0.156788   -0.0325399
-0.486916   0.491784   0.155569
-0.352744   -0.32775   0.183307
0.485722   -0.346987   0.3473
-0.345349   -0.493903   0.328575
-0.172142   0.487919   0.151415
0.000820354   -0.334451   0.181807
-0.175884   -0.342285   0.333675
6.56655e-05   0.478845   0.348706
0.155518   0.490072   0.15577
0.349372   -0.331779   0.162673
0.170848   -0.325406   0.317136
0.334139   0.492876   0.320333
0.496063   -0.15211   0.167421
-0.323345   -0.00859671   0.170036
0.49217   0.0133001   0.331069
-0.356752   -0.161745   0.325141
-0.165853   -0.185773   0.181014
0.00329654   0.000945713   0.17379
-0.168901   0.00160869   0.341371
0.0225124   -0.161983   0.344329
0.182371   -0.157764   0.168202
0.334188   0.0138044   0.16142
0.186592   0.00321728   0.335769
0.347595   -0.167262   0.34054
-0.475963   0.155143   0.162152
-0.330775   0.338336   0.173289
-0.489818   0.328762   0.331542
-0.332843   0.172065   0.339608
-0.170547   0.159195   0.19345
-0.0173483   0.322211   0.170521
-0.182786   0.352423   0.345863
0.0190253   0.166484   0.334203
0.164731   0.153435   0.160155
0.343299   0.323973   0.150858
0.155148   0.322614   0.331438
0.320473   0.172375   0.318994
