-0.498048   1.03113   -0.116582
0.758981   -0.753909   -1.79626
0.57456   0.265777   -0.0149657
0.576843   0.10566   0.554142
-1.11205   0.00350906   0.242261
0.101963   -1.57158   0.39527
-0.317126   -0.439144   -1.12776
-1.1183   -0.940648   -0.527202
-0.00498161   -0.31807   0.525282
-1.06044   0.0219821   0.525957
-0.82564   -1.03143   -1.54977
-0.0755287   -0.173021   -0.609192
-0.417624   1.07592   0.591359
1.86465   0.0252883   0.831522
0.371591   1.81013   -0.0861083
-0.440465   1.01809   -0.00604065
0.878363   -2.01904   0.544583
-0.642642   0.996028   0.330011
-0.169737   0.199   -0.334398
1.66282   -0.317083   0.787339
-0.814622   1.2469   -0.439009
-1.60008   -0.57737   -0.0934702
-1.11047   0.197103   0.88495
1.31433   0.00892922   -0.870936
-0.959201   0.709993   0.489337
0.51724   -0.877671   0.977929
-0.383689   -1.15051   -1.111
-0.675345   -1.52713   -0.3007
-1.07587   -0.335772   0.417012
-1.01655   -0.28889   0.0271229
-0.524922   -1.31356   -1.31478
1.26096   1.02131   -0.253779
1.99619   -1.25553   -0.405915
0.82402   -0.27877   -0.114543
0.761474   -0.725822   -0.92623
-1.21559   0.186972   0.605925
-0.180714   -0.352278   0.540042
0.940281   1.51663   0.208629
0.801973   -1.06958   0.108588
0.607147   -0.387103   -1.52628
0.0904337   -1.72338   -0.73433
0.144425   -0.543093   -0.0737875
0.405878   -0.471594   0.974463
1.11761   0.144889   0.760927
0.429756   -1.68848   0.619405
0.141486   -0.699912   -0.478186
1.81558   1.36682   1.53267
-0.53403   0.310904   -0.533074
-1.62248   -1.54217   -0.427681
-0.336515   -0.266553   -1.69785
-0.208103   1.4402   -0.196883
1.61936   0.607425   0.160146
-1.01844   0.52223   0.0610328
1.08391   -1.24888   0.989956
0.422693   0.037445   0.724693
1.70135   0.260438   -0.238614
0.827007   -0.103413   -0.846605
-0.364014   -0.839423   0.87134
0.613131   -0.843604   -0.780753
-0.314134   0.508084   -0.952164
-1.59423   0.303493   0.132459
-1.02642   0.8342   0.940461
-2.00722   -0.898023   0.690667
-0.984125   1.17144   -1.2984
0.810768   -1.32332   -1.68885
-1.87415   -0.0838387   -0.603787
1.00235   -2.054   -1.09505
-0.38538   -0.366832   0.152184
-0.848965   -0.382524   0.59809
-0.998675   0.572471   0.165698
0.171739   0.355104   -0.180216
0.234261   0.204762   1.69886
-0.254901   -0.171445   0.432971
-0.837074   0.704435   0.0677593
-0.251769   0.80076   0.573219
1.41206   1.76458   -1.16822
-0.315469   0.436465   -0.03544
0.110217   0.927518   -0.738533
1.7516   1.41906   0.101458
0.322321   -0.673756   -0.216066
1.1505   -0.362593   0.262926
0.345879   1.51834   0.550313
-0.476655   -0.271699   1.23253
0.126729   0.0684   -0.786556
-0.146249   1.31128   -0.396698
-0.590811   0.295825   -0.322693
0.0678957   0.379736   0.608409
-1.05876   0.0406226   -0.120017
0.433898   -0.276582   -0.820167
-1.31314   1.24699   0.439129
-0.233018   0.659484   1.45244
-0.284401   -0.190056   0.405409
-0.288287   0.0688881   -1.29387
-1.10611   1.11166   1.49021
1.40331   0.700671   -0.6348
-0.239371   -0.137396   -1.19196
0.501555   2.12251   1.37612
0.305278   -1.51893   0.993832
0.540142   -1.98621   0.759794
-0.780087   -0.7004   1.26574
0.552936   -0.149692   -0.983721
0.2816   0.753514   1.64841
0.20091   1.12195   -1.07056
-0.374866   1.71178   -0.217397
1.06126   -0.791788   -1.92898
0.355996   -0.0591236   1.65677
-1.26169   0.816133   1.13512
0.799973   0.0117763   0.163946
