0.489896   -0.49947   -0.497777
-0.341045   -0.347664   -0.485823
0.495663   -0.327654   -0.325325
-0.324845   0.496941   -0.322184
-0.164622   -0.497909   0.497468
0.00615045   -0.331556   0.495956
-0.164093   -0.343257   -0.341039
-0.00298658   -0.490855   -0.339831
0.16781   0.49038   -0.495661
0.333773   -0.331987   -0.496259
0.17075   -0.332636   -0.339571
0.329122   0.488134   -0.325467
0.499068   -0.168812   -0.494318
-0.340409   -0.000883852   -0.487516
0.49972   -0.000814562   -0.326632
-0.337789   -0.166259   -0.338561
-0.167113   -0.167956   0.494189
-0.0135582   0.00708996   -0.491339
-0.161455   0.00698987   -0.330657
-0.00778117   -0.162334   -0.347575
0.16486   -0.155953   0.494041
0.340779   0.0151322   0.487909
0.183021   -0.0053325   -0.342064
0.335012   -0.163589   -0.337704
0.496699   0.180815   -0.492269
-0.346027   0.337707   0.499894
-0.495142   0.343207   -0.324745
-0.324995   0.14886   -0.332698
-0.170308   0.17029   -0.496116
-0.00975006   0.344033   -0.49948
-0.168211   0.322626   -0.329472
-0.00231067   0.166117   -0.331922
0.156548   0.162009   0.499577
0.323491   0.333739   -0.497252
0.152587   0.32561   -0.320154
0.335548   0.177076   -0.331427
-0.497217   -0.487539   -0.15045
-0.33266   -0.335597   -0.180192
-0.499969   -0.332409   0.0104144
-0.315788   0.487619   -0.0148198
-0.158934   -0.497896   -0.175192
0.0069531   -0.324064   -0.174046
-0.163837   -0.331625   -0.0132106
0.00254342   0.4961   0.0125661
0.156247   0.494342   -0.166343
0.325387   -0.353056   -0.155756
0.16658   -0.336544   -0.00477821
0.325394   -0.493275   0.0104478
-0.489364   -0.169322   -0.168948
-0.313301   0.007471   -0.164353
0.498245   -0.0152014   -0.0140616
-0.319446   -0.175769   -0.000122508
-0.17127   -0.160237   -0.181945
-0.00054489   -0.00319397   -0.16615
-0.161254   -0.00247693   -0.00461009
-0.00759993   -0.167632   -0.00414646
0.172168   -0.163387   -0.162715
0.331818   -0.00540196   -0.172807
0.167973   0.00314814   -0.00247047
0.329957   -0.169583   0.00887947
0.48904   0.16115   -0.170843
-0.315634   0.32555   -0.16994
0.495443   0.335259   0.0139738
-0.339272   0.166774   -7.4189e-05
-0.15686   0.161217   -0.165929
-0.0109781   0.338797   -0.158184
-0.178227   0.314378   0.0163149
0.00666691   0.160522   -0.0137392
0.162861   0.160177   -0.167598
0.340146   0.335287   -0.160684
0.166808   0.332116   -0.0113499
0.335084   0.150137   -0.0106181
-0.496062   0.499696   0.174518
-0.329466   -0.339469   0.156722
-0.493958   -0.341672   0.334219
-0.334077   0.488872   0.34058
-0.166506   -0.485709   0.164841
5.30116e-06   -0.320737   0.16103
-0.166311   -0.332428   0.335926
-0.00411573   -0.497881   0.330006
0.171856   0.493611   0.160523
0.338522   -0.339517   0.176506
0.173393   -0.32993   0.341721
0.338761   0.474344   0.337444
-0.498594   -0.169682   0.160405
-0.343636   -0.00162255   0.164152
-0.4922   0.0307487   0.336642
-0.348883   -0.164011   0.34439
-0.173676   -0.159783   0.181032
-0.00704542   0.0149561   0.173818
-0.1684   0.00554017   0.340629
0.00352515   -0.148769   0.330335
0.176338   -0.166547   0.161524
0.330308   -0.00348763   0.159786
0.168529   0.0171347   0.33532
0.352289   -0.162978   0.331882
0.488308   0.155654   0.152826
-0.320681   0.341878   0.171934
0.496277   0.31569   0.312613
-0.328267   0.178363   0.33725
-0.173357   0.149995   0.176819
-0.00148714   0.330055   0.150947
-0.168604   0.331475   0.324087
-0.00624629   0.169317   0.333671
0.179768   0.182729   0.167535
0.333311   0.343562   0.165184
0.152894   0.332767   0.331194
0.332276   0.18017   0.327277
