1.28518   0.529753   -0.415566
-0.217046   0.101425   0.808036
0.305468   0.744013   0.312185
0.332817   -0.45249   0.446588
-1.52686   -0.405444   0.0217919
-0.513368   0.228665   0.0230676
0.286894   0.381833   -0.651876
-1.54207   0.343746   -1.2001
0.539377   -0.840913   -0.6726
0.923362   0.237299   -0.737569
0.603584   1.4427   0.305002
-0.268759   -0.815868   -0.0938906
0.188932   -1.21518   -0.407935
0.901272   0.55775   0.498061
-0.660938   0.400352   0.451084
-1.00624   0.430144   0.524252
0.441904   0.515604   0.188285
0.0499587   1.40813   -0.681674
-0.0856465   -0.52164   0.849966
-1.54091   -0.60505   0.32604
0.849793   0.692831   0.556689
0.780987   -0.46473   1.30147
0.777479   -0.168958   -0.0504204
-0.383179   -0.443548   0.704883
0.773845   -0.573633   -0.691722
0.449053   -0.246736   -0.200633
-0.306606   -0.777182   0.298273
0.00221702   0.696023   -0.614711
0.213836   0.0222509   -0.515806
-1.05757   0.0637197   -0.431887
0.595318   -0.320739   -0.372354
0.126793   -0.358156   0.943542
0.777324   1.13346   0.226917
-0.831258   -0.490608   -0.722865
0.619816   -0.43014   0.10719
0.247754   -0.553481   0.0752161
0.147834   -1.79866   -0.890577
0.0278774   0.432334   -0.165375
-0.364925   -0.495004   -0.433055
0.304346   -0.630221   1.55467
0.349863   -1.21065   -0.246976
0.452706   0.48449   1.06133
-0.111684   -0.647225   0.442803
1.15066   -0.549938   -1.49584
0.492829   -1.14548   -1.11888
-0.374204   -0.923327   0.116118
-0.229623   0.465927   0.897906
0.268394   -1.26928   0.934995
-0.144644   0.459436   -0.543331
0.24815   1.4877   0.386103
-0.354147   0.0350482   -0.358461
-0.13039   -0.729679   0.00129973
0.0390505   1.49671   -0.356242
0.491886   0.0646043   -1.22349
0.938993   0.0615164   0.0473102
0.463239   0.529172   -0.27042
0.450568   -0.617284   0.525937
-0.583695   -0.171697   -0.649387
0.284041   0.136483   0.539454
-0.541382   0.740854   -0.70717
0.435579   0.291159   -0.00225265
-0.173811   0.0645253   -0.116199
-0.897166   1.06826   0.553301
-0.865359   -0.053482   0.865564
0.636374   0.0179959   -0.0758307
0.763937   0.701783   -0.0940432
-0.761233   0.0476535   0.702486
-0.852914   -0.417686   0.661541
0.396111   -0.429832   -0.0104951
-0.535781   0.762249   -0.912359
0.278354   -0.186921   -0.327623
-0.31824   0.326219   1.13444
-1.06366   -0.914453   0.128086
0.0574707   0.0769545   0.255275
0.434172   0.161643   0.461295
-0.263036   -0.384496   -0.525493
0.00170951   0.0484002   0.678918
-0.387155   0.329536   0.727388
-1.0659   0.777072   -1.17701
-0.505077   -0.769804   0.55364
-0.115863   0.366364   0.0538745
-0.248359   0.0571942   0.103792
0.722108   -0.0145128   -0.0971227
-0.610465   0.273507   0.343927
0.499997   0.0933756   0.0548468
-0.33744   -0.428314   -0.842172
0.00556744   0.0594745   -0.0175886
0.933965   -0.00113876   0.492302
0.324307   -0.61713   0.529743
0.794323   0.464752   0.26205
-1.23906   -1.46419   -0.526472
-0.355679   0.657783   -0.525266
0.0660049   -0.226989   0.0926343
1.05266   0.0443491   0.597534
-1.05334   0.813747   0.269152
0.458178   -0.0929542   -0.148105
-0.62054   1.20836   0.0661894
0.252485   -0.821716   0.194313
-0.144847   -0.628665   -1.10481
-1.01155   -0.369588   0.772606
0.536691   0.599676   -0.485453
0.14695   -0.513961   0.287566
-0.643485   1.0263   -0.170355
-0.242937   0.229881   -1.49384
0.719829   1.67781   0.0138356
0.0376952   -0.513323   -0.180466
-0.748599   0.558912   -0.394764
0.0987659   -0.406831   -0.184239
